<?xml version="1.0" encoding="UTF-8"?>
<!-- Generated by org.testng.reporters.JUnitReportReporter -->
<testsuite hostname="NGLALP94107855" failures="0" tests="1" name="Login.Gmail_login" time="114.827" errors="0" timestamp="2022-05-12T23:06:56 WAT" skipped="0">
  <testcase classname="Login.Gmail_login" name="AssetFunction" time="114.827"/>
  <system-out/>
</testsuite> <!-- Login.Gmail_login -->
